This is pdfTeX, Version 3.14159265-2.6-1.40.16 (TeX Live 2015) (preloaded format=pdflatex 2016.5.18)  20 NOV 2017 15:16
entering extended mode
 restricted \write18 enabled.
 %&-line parsing enabled.
**doc-blockmatching.tex
(./doc-blockmatching.tex
LaTeX2e <2015/01/01>
Babel <3.9l> and hyphenation patterns for 79 languages loaded.
(/usr/local/texlive/2015/texmf-dist/tex/latex/base/report.cls
Document Class: report 2014/09/29 v1.4h Standard LaTeX document class
(/usr/local/texlive/2015/texmf-dist/tex/latex/base/size10.clo
File: size10.clo 2014/09/29 v1.4h Standard LaTeX file (size option)
)
\c@part=\count79
\c@chapter=\count80
\c@section=\count81
\c@subsection=\count82
\c@subsubsection=\count83
\c@paragraph=\count84
\c@subparagraph=\count85
\c@figure=\count86
\c@table=\count87
\abovecaptionskip=\skip41
\belowcaptionskip=\skip42
\bibindent=\dimen102
)
(/usr/local/texlive/2015/texmf-dist/tex/latex/amsfonts/amssymb.sty
Package: amssymb 2013/01/14 v3.01 AMS font symbols

(/usr/local/texlive/2015/texmf-dist/tex/latex/amsfonts/amsfonts.sty
Package: amsfonts 2013/01/14 v3.01 Basic AMSFonts support
\@emptytoks=\toks14
\symAMSa=\mathgroup4
\symAMSb=\mathgroup5
LaTeX Font Info:    Overwriting math alphabet `\mathfrak' in version `bold'
(Font)                  U/euf/m/n --> U/euf/b/n on input line 106.
))
(/usr/local/texlive/2015/texmf-dist/tex/latex/graphics/graphicx.sty
Package: graphicx 2014/10/28 v1.0g Enhanced LaTeX Graphics (DPC,SPQR)

(/usr/local/texlive/2015/texmf-dist/tex/latex/graphics/keyval.sty
Package: keyval 2014/10/28 v1.15 key=value parser (DPC)
\KV@toks@=\toks15
)
(/usr/local/texlive/2015/texmf-dist/tex/latex/graphics/graphics.sty
Package: graphics 2014/10/28 v1.0p Standard LaTeX Graphics (DPC,SPQR)

(/usr/local/texlive/2015/texmf-dist/tex/latex/graphics/trig.sty
Package: trig 1999/03/16 v1.09 sin cos tan (DPC)
)
(/usr/local/texlive/2015/texmf-dist/tex/latex/latexconfig/graphics.cfg
File: graphics.cfg 2010/04/23 v1.9 graphics configuration of TeX Live
)
Package graphics Info: Driver file: pdftex.def on input line 94.

(/usr/local/texlive/2015/texmf-dist/tex/latex/pdftex-def/pdftex.def
File: pdftex.def 2011/05/27 v0.06d Graphics/color for pdfTeX

(/usr/local/texlive/2015/texmf-dist/tex/generic/oberdiek/infwarerr.sty
Package: infwarerr 2010/04/08 v1.3 Providing info/warning/error messages (HO)
)
(/usr/local/texlive/2015/texmf-dist/tex/generic/oberdiek/ltxcmds.sty
Package: ltxcmds 2011/11/09 v1.22 LaTeX kernel commands for general use (HO)
)
\Gread@gobject=\count88
))
\Gin@req@height=\dimen103
\Gin@req@width=\dimen104
)
(./doc-blockmatching.aux)
\openout1 = `doc-blockmatching.aux'.

LaTeX Font Info:    Checking defaults for OML/cmm/m/it on input line 42.
LaTeX Font Info:    ... okay on input line 42.
LaTeX Font Info:    Checking defaults for T1/cmr/m/n on input line 42.
LaTeX Font Info:    ... okay on input line 42.
LaTeX Font Info:    Checking defaults for OT1/cmr/m/n on input line 42.
LaTeX Font Info:    ... okay on input line 42.
LaTeX Font Info:    Checking defaults for OMS/cmsy/m/n on input line 42.
LaTeX Font Info:    ... okay on input line 42.
LaTeX Font Info:    Checking defaults for OMX/cmex/m/n on input line 42.
LaTeX Font Info:    ... okay on input line 42.
LaTeX Font Info:    Checking defaults for U/cmr/m/n on input line 42.
LaTeX Font Info:    ... okay on input line 42.

(/usr/local/texlive/2015/texmf-dist/tex/context/base/supp-pdf.mkii
[Loading MPS to PDF converter (version 2006.09.02).]
\scratchcounter=\count89
\scratchdimen=\dimen105
\scratchbox=\box26
\nofMPsegments=\count90
\nofMParguments=\count91
\everyMPshowfont=\toks16
\MPscratchCnt=\count92
\MPscratchDim=\dimen106
\MPnumerator=\count93
\makeMPintoPDFobject=\count94
\everyMPtoPDFconversion=\toks17
) (/usr/local/texlive/2015/texmf-dist/tex/generic/oberdiek/pdftexcmds.sty
Package: pdftexcmds 2011/11/29 v0.20 Utility functions of pdfTeX for LuaTeX (HO
)

(/usr/local/texlive/2015/texmf-dist/tex/generic/oberdiek/ifluatex.sty
Package: ifluatex 2010/03/01 v1.3 Provides the ifluatex switch (HO)
Package ifluatex Info: LuaTeX not detected.
)
(/usr/local/texlive/2015/texmf-dist/tex/generic/oberdiek/ifpdf.sty
Package: ifpdf 2011/01/30 v2.3 Provides the ifpdf switch (HO)
Package ifpdf Info: pdfTeX in PDF mode is detected.
)
Package pdftexcmds Info: LuaTeX not detected.
Package pdftexcmds Info: \pdf@primitive is available.
Package pdftexcmds Info: \pdf@ifprimitive is available.
Package pdftexcmds Info: \pdfdraftmode found.
)
(/usr/local/texlive/2015/texmf-dist/tex/latex/oberdiek/epstopdf-base.sty
Package: epstopdf-base 2010/02/09 v2.5 Base part for package epstopdf

(/usr/local/texlive/2015/texmf-dist/tex/latex/oberdiek/grfext.sty
Package: grfext 2010/08/19 v1.1 Manage graphics extensions (HO)

(/usr/local/texlive/2015/texmf-dist/tex/generic/oberdiek/kvdefinekeys.sty
Package: kvdefinekeys 2011/04/07 v1.3 Define keys (HO)
))
(/usr/local/texlive/2015/texmf-dist/tex/latex/oberdiek/kvoptions.sty
Package: kvoptions 2011/06/30 v3.11 Key value format for package options (HO)

(/usr/local/texlive/2015/texmf-dist/tex/generic/oberdiek/kvsetkeys.sty
Package: kvsetkeys 2012/04/25 v1.16 Key value parser (HO)

(/usr/local/texlive/2015/texmf-dist/tex/generic/oberdiek/etexcmds.sty
Package: etexcmds 2011/02/16 v1.5 Avoid name clashes with e-TeX commands (HO)
Package etexcmds Info: Could not find \expanded.
(etexcmds)             That can mean that you are not using pdfTeX 1.50 or
(etexcmds)             that some package has redefined \expanded.
(etexcmds)             In the latter case, load this package earlier.
)))
Package grfext Info: Graphics extension search list:
(grfext)             [.png,.pdf,.jpg,.mps,.jpeg,.jbig2,.jb2,.PNG,.PDF,.JPG,.JPE
G,.JBIG2,.JB2,.eps]
(grfext)             \AppendGraphicsExtensions on input line 452.

(/usr/local/texlive/2015/texmf-dist/tex/latex/latexconfig/epstopdf-sys.cfg
File: epstopdf-sys.cfg 2010/07/13 v1.3 Configuration of (r)epstopdf for TeX Liv
e
))
LaTeX Font Info:    Try loading font information for U+msa on input line 46.

(/usr/local/texlive/2015/texmf-dist/tex/latex/amsfonts/umsa.fd
File: umsa.fd 2013/01/14 v3.01 AMS symbols A
)
LaTeX Font Info:    Try loading font information for U+msb on input line 46.

(/usr/local/texlive/2015/texmf-dist/tex/latex/amsfonts/umsb.fd
File: umsb.fd 2013/01/14 v3.01 AMS symbols B
) [1

{/usr/local/texlive/2015/texmf-var/fonts/map/pdftex/updmap/pdftex.map}]
(./doc-blockmatching.toc [1

])
\tf@toc=\write3
\openout3 = `doc-blockmatching.toc'.

 [2] [3

] (./inc-user-commdline.tex
Chapter 1.
LaTeX Font Info:    Font shape `OT1/cmtt/bx/n' in size <14.4> not available
(Font)              Font shape `OT1/cmtt/m/n' tried instead on input line 8.

Overfull \hbox (34.02902pt too wide) in paragraph at lines 15--18
| $[]$[] 
 []


Underfull \hbox (badness 10000) in paragraph at lines 15--18

 []


Overfull \hbox (34.02902pt too wide) in paragraph at lines 21--24
| $[]$[] 
 []


Underfull \hbox (badness 10000) in paragraph at lines 21--24

 []

[4

]
LaTeX Font Info:    Try loading font information for OMS+cmr on input line 48.
 (/usr/local/texlive/2015/texmf-dist/tex/latex/base/omscmr.fd
File: omscmr.fd 2014/09/29 v2.5h Standard LaTeX font definitions
)
LaTeX Font Info:    Font shape `OMS/cmr/m/n' in size <10> not available
(Font)              Font shape `OMS/cmsy/m/n' tried instead on input line 48.

Overfull \hbox (28.33856pt too wide) in paragraph at lines 64--76
| $[]$[] 
 []


Overfull \hbox (28.33856pt too wide) in paragraph at lines 64--76
| $[]$[] 
 []


Overfull \hbox (28.33856pt too wide) in paragraph at lines 64--76
| $[]$[] 
 []


Underfull \hbox (badness 10000) in paragraph at lines 64--76

 []


LaTeX Font Warning: Font shape `OT1/cmr/bx/sc' undefined
(Font)              using `OT1/cmr/bx/n' instead on input line 77.


Overfull \hbox (53.3386pt too wide) in paragraph at lines 78--84
| $[]$[] 
 []

[5]
Overfull \hbox (2.10945pt too wide) in paragraph at lines 126--132
[]\OT1/cmr/m/n/10 the op-tion \OT1/cmtt/m/n/10 '-[initial|left]-[voxel-]transfo
rmation' \OT1/cmr/m/n/10 is used to spec-
 []


Underfull \hbox (badness 10000) in paragraph at lines 135--136
[]\OT1/cmtt/m/n/10 % blockmatching -flo $\OML/cmm/m/it/10 I[]$ \OT1/cmtt/m/n/10
 -ref $\OML/cmm/m/it/10 I[]$ \OT1/cmtt/m/n/10 ... -initial-transformation $\OML
/cmm/m/it/10 T[]$
 []


Overfull \hbox (53.3386pt too wide) in paragraph at lines 133--142
| $[]$[] 
 []


Overfull \hbox (53.3386pt too wide) in paragraph at lines 133--142
| $[]$[] 
 []


Underfull \hbox (badness 10000) in paragraph at lines 133--142

 []


Underfull \hbox (badness 10000) in paragraph at lines 156--158
[]\OT1/cmtt/m/n/10 % blockmatching -flo $\OML/cmm/m/it/10 I[]$ \OT1/cmtt/m/n/10
 -ref $\OML/cmm/m/it/10 I[]$ \OT1/cmtt/m/n/10 ... -res-trsf $\OML/cmm/m/it/10 T
[]$ \OT1/cmtt/m/n/10 -trsf-type rigid
 []


Underfull \hbox (badness 10000) in paragraph at lines 162--164
[]\OT1/cmtt/m/n/10 % blockmatching -flo $\OML/cmm/m/it/10 I[]$ \OT1/cmtt/m/n/10
 -ref $\OML/cmm/m/it/10 I[]$ \OT1/cmtt/m/n/10 ... -res-trsf $\OML/cmm/m/it/10 T
[]$ \OT1/cmtt/m/n/10 -trsf-type
 []


Overfull \hbox (75.3386pt too wide) in paragraph at lines 154--170
| $[]$[] 
 []


Overfull \hbox (75.3386pt too wide) in paragraph at lines 154--170
| $[]$[] 
 []


Overfull \hbox (75.3386pt too wide) in paragraph at lines 154--170
| $[]$[] 
 []


Underfull \hbox (badness 10000) in paragraph at lines 154--170

 []

[6]
Underfull \hbox (badness 10000) in paragraph at lines 173--175
[]\OT1/cmtt/m/n/10 % blockmatching -flo $\OML/cmm/m/it/10 I[]$ \OT1/cmtt/m/n/10
 -ref $\OML/cmm/m/it/10 I[]$ \OT1/cmtt/m/n/10 ... -res-trsf $\OML/cmm/m/it/10 T
[]$ \OT1/cmtt/m/n/10 -trsf-type rigid
 []


Underfull \hbox (badness 10000) in paragraph at lines 179--181
[]\OT1/cmtt/m/n/10 % blockmatching -flo $\OML/cmm/m/it/10 I[]$ \OT1/cmtt/m/n/10
 -ref $\OML/cmm/m/it/10 I[]$ \OT1/cmtt/m/n/10 ... -res-trsf $\OML/cmm/m/it/10 T
[]$ \OT1/cmtt/m/n/10 -trsf-type affine
 []


Overfull \hbox (75.3386pt too wide) in paragraph at lines 171--187
| $[]$[] 
 []


Overfull \hbox (75.3386pt too wide) in paragraph at lines 171--187
| $[]$[] 
 []


Underfull \hbox (badness 10000) in paragraph at lines 190--193
[]\OT1/cmtt/m/n/10 % blockmatching -flo $\OML/cmm/m/it/10 I[]$ \OT1/cmtt/m/n/10
 -ref $\OML/cmm/m/it/10 I[]$ \OT1/cmtt/m/n/10 ... -res-trsf $\OML/cmm/m/it/10 T
[]$ \OT1/cmtt/m/n/10 -trsf-type
 []


Overfull \hbox (75.3386pt too wide) in paragraph at lines 188--195
| $[]$[] 
 []


Overfull \hbox (2.10945pt too wide) in paragraph at lines 198--199
[]\OT1/cmr/m/n/10 the op-tion \OT1/cmtt/m/n/10 '-initial-result-[voxel-]transfo
rmation' \OT1/cmr/m/n/10 is used to spec-
 []


Underfull \hbox (badness 10000) in paragraph at lines 202--204
[]\OT1/cmtt/m/n/10 % blockmatching -flo $\OML/cmm/m/it/10 I[]$ \OT1/cmtt/m/n/10
 -ref $\OML/cmm/m/it/10 I[]$ \OT1/cmtt/m/n/10 ... -res-trsf $\OML/cmm/m/it/10 T
[]$ \OT1/cmtt/m/n/10 -py-ll 0 -py-hl 3
 []


Underfull \hbox (badness 10000) in paragraph at lines 207--211
[]\OT1/cmtt/m/n/10 % blockmatching -flo $\OML/cmm/m/it/10 I[]$ \OT1/cmtt/m/n/10
 -ref $\OML/cmm/m/it/10 I[]$ \OT1/cmtt/m/n/10 ... -res-trsf $\OML/cmm/m/it/10 T
[]$ \OT1/cmtt/m/n/10 -py-ll 2
 []


Underfull \hbox (badness 10000) in paragraph at lines 207--211
\OT1/cmtt/m/n/10 % blockmatching -flo $\OML/cmm/m/it/10 I[]$ \OT1/cmtt/m/n/10 -
ref $\OML/cmm/m/it/10 I[]$ \OT1/cmtt/m/n/10 ... -init-res-trsf $\OML/cmm/m/it/1
0 T[]$
 []


Overfull \hbox (53.3386pt too wide) in paragraph at lines 200--213
| $[]$[] 
 []


Overfull \hbox (53.3386pt too wide) in paragraph at lines 200--213
| $[]$[] 
 []


Overfull \hbox (81.37985pt too wide) in paragraph at lines 215--221
[]\OT1/cmr/m/n/10 Please note the \OT1/cmtt/m/n/10 '-flo-frac 0.75' \OT1/cmr/m/
n/10 (see op-tion \OT1/cmtt/m/n/10 '-floating-selection-fraction'\OT1/cmr/m/n/1
0 ,
 []

[7]
Overfull \hbox (3.77774pt too wide) in paragraph at lines 225--226
[]\OT1/cmr/m/n/10 Initial trans-for-ma-tions can be ob-tained by pair-ing point
s with \OT1/cmtt/m/n/10 pointmatching
 []


Overfull \hbox (1.28543pt too wide) in paragraph at lines 234--236
[]\OT1/cmr/m/n/10 When no left-handed trans-for-ma-tion is passed, it is the tr
ans-for-ma-tion $\OML/cmm/m/it/10 T[] \OT1/cmr/m/n/10 =
 []


Overfull \hbox (91.38802pt too wide) in paragraph at lines 237--251
[]\OT1/cmr/m/n/10 When a left-handed trans-for-ma-tion is passed with the op-ti
on \OT1/cmtt/m/n/10 '-left-[voxel-]transformation'\OT1/cmr/m/n/10 ,
 []


Overfull \hbox (15.93678pt too wide) in paragraph at lines 263--267
[]\OT1/cmr/m/n/10 Thus, the reg-is-tra-tion is done with pyra-mids $\OMS/cmsy/m
/n/10 f\OML/cmm/m/it/10 I[]; [] ; I[]\OMS/cmsy/m/n/10 g$ \OT1/cmr/m/n/10 and $\
OMS/cmsy/m/n/10 f\OML/cmm/m/it/10 I[]; [] ; I[]\OMS/cmsy/m/n/10 g$\OT1/cmr/m/n/
10 ,
 []

[8]
Overfull \hbox (17.33267pt too wide) in paragraph at lines 275--276
\OT1/cmr/m/n/10 est lev-els of the pyra-mid (ie to spec-ify a high value to the
 \OT1/cmtt/m/n/10 '-pyramid-lowest-level'
 []

[9]
Overfull \hbox (0.74895pt too wide) in paragraph at lines 311--312
[]\OT1/cmtt/m/n/10 '-floating-selection-fraction' \OT1/cmr/m/n/10 al-lows to sp
ec-ify the frac-tion of blocks
 []


Overfull \hbox (47.0526pt too wide) in paragraph at lines 313--319
[]\OT1/cmtt/m/n/10 '-floating-selection-fraction-ht' \OT1/cmr/m/n/10 and \OT1/c
mtt/m/n/10 '-floating-selection-fraction-lt'
 []

[10] [11]
Overfull \hbox (4.88644pt too wide) in paragraph at lines 383--384
[]\OT1/cmtt/m/n/10 '-vector-propagation-distance' \OT1/cmr/m/n/10 and \OT1/cmtt
/m/n/10 '-vector-fading-distance' \OT1/cmr/m/n/10 are
 []


Overfull \hbox (15.8788pt too wide) in paragraph at lines 399--400
\OT1/cmr/m/n/10 wise cri-te-ria (e.g. in-ten-sity based se-lec-tion with \OT1/c
mtt/m/n/10 '-floating-low-threshold'
 []


Overfull \hbox (17.88817pt too wide) in paragraph at lines 403--404
[]\OT1/cmr/m/n/10 only con-sid-er-ing low lev-els of the pyra-mid (\OT1/cmtt/m/
n/10 '-pyramid-highest-level'\OT1/cmr/m/n/10 ), 
 []


Overfull \hbox (34.02902pt too wide) in paragraph at lines 419--428
| $[]$[] 
 []


Overfull \hbox (34.02902pt too wide) in paragraph at lines 419--428
| $[]$[] 
 []

[12]
Overfull \hbox (34.02902pt too wide) in paragraph at lines 434--447
| $[]$[] 
 []


Overfull \hbox (34.02902pt too wide) in paragraph at lines 434--447
| $[]$[] 
 []


Underfull \hbox (badness 10000) in paragraph at lines 458--460
[]\OT1/cmtt/m/n/10 % blockmatching -flo $\OML/cmm/m/it/10 I[]$ \OT1/cmtt/m/n/10
 -ref $\OML/cmm/m/it/10 I[]$ \OT1/cmtt/m/n/10 -res $\OML/cmm/m/it/10 I[]$ \OT1/
cmtt/m/n/10 -res-trsf $\OML/cmm/m/it/10 T[]$
 []


Overfull \hbox (34.02902pt too wide) in paragraph at lines 456--462
| $[]$[] 
 []


Underfull \hbox (badness 10000) in paragraph at lines 465--467
[]\OT1/cmtt/m/n/10 % baladin -flo $\OML/cmm/m/it/10 I[]$ \OT1/cmtt/m/n/10 -ref 
$\OML/cmm/m/it/10 I[]$ \OT1/cmtt/m/n/10 -res $\OML/cmm/m/it/10 I[]$ \OT1/cmtt/m
/n/10 -result-matrix $[]$
 []


Overfull \hbox (34.02902pt too wide) in paragraph at lines 463--469
| $[]$[] 
 []


Overfull \hbox (34.02902pt too wide) in paragraph at lines 475--483
| $[]$[] 
 []


Underfull \hbox (badness 10000) in paragraph at lines 475--483

 []

[13]
Overfull \hbox (34.02902pt too wide) in paragraph at lines 484--494
| $[]$[] 
 []


Overfull \hbox (34.02902pt too wide) in paragraph at lines 484--494
| $[]$[] 
 []


Underfull \hbox (badness 10000) in paragraph at lines 484--494

 []


Overfull \hbox (34.02902pt too wide) in paragraph at lines 516--519
| $[]$[] 
 []


Underfull \hbox (badness 10000) in paragraph at lines 516--519

 []

[14]
Overfull \hbox (34.02902pt too wide) in paragraph at lines 545--550
| $[]$[] 
 []


Overfull \hbox (28.33856pt too wide) in paragraph at lines 571--575
| $[]$[] 
 []


Underfull \hbox (badness 10000) in paragraph at lines 571--575

 []


Overfull \hbox (28.33856pt too wide) in paragraph at lines 581--588
| $[]$[] 
 []

[15]
Overfull \hbox (28.33856pt too wide) in paragraph at lines 597--611
| $[]$[] 
 []


Overfull \hbox (28.33856pt too wide) in paragraph at lines 597--611
| $[]$[] 
 []


Overfull \hbox (28.33856pt too wide) in paragraph at lines 597--611
| $[]$[] 
 []


Underfull \hbox (badness 10000) in paragraph at lines 597--611

 []


Underfull \hbox (badness 10000) in paragraph at lines 621--625

 []


Overfull \hbox (34.02902pt too wide) in paragraph at lines 619--632
| $[]$[] 
 []


Overfull \hbox (34.02902pt too wide) in paragraph at lines 619--632
| $[]$[] 
 []


Underfull \hbox (badness 10000) in paragraph at lines 644--645
[]\OT1/cmtt/m/n/10 % blockmatching -flo $\OML/cmm/m/it/10 I[]$ \OT1/cmtt/m/n/10
 -ref $\OML/cmm/m/it/10 I[]$ \OT1/cmtt/m/n/10 -res $\OML/cmm/m/it/10 I[]$ \OT1/
cmtt/m/n/10 -res-trsf $\OML/cmm/m/it/10 T[]$
 []


Overfull \hbox (34.02902pt too wide) in paragraph at lines 642--648
| $[]$[] 
 []


Underfull \hbox (badness 10000) in paragraph at lines 651--652
[]\OT1/cmtt/m/n/10 % copyTrsf $\OML/cmm/m/it/10 T[]$ $T[]$ \OT1/cmtt/m/n/10 -fl
oating $\OML/cmm/m/it/10 I[]$ \OT1/cmtt/m/n/10 -template $\OML/cmm/m/it/10 I[]$
 \OT1/cmtt/m/n/10 -input-unit real
 []


Underfull \hbox (badness 10000) in paragraph at lines 655--656
[]\OT1/cmtt/m/n/10 % copyTrsf $\OML/cmm/m/it/10 T[]$ $T[]$ \OT1/cmtt/m/n/10 -fl
oating $\OML/cmm/m/it/10 I[]$ \OT1/cmtt/m/n/10 -template $\OML/cmm/m/it/10 I[]$
 \OT1/cmtt/m/n/10 -input-unit voxel
 []


Overfull \hbox (34.02902pt too wide) in paragraph at lines 649--657
| $[]$[] 
 []


Overfull \hbox (34.02902pt too wide) in paragraph at lines 649--657
| $[]$[] 
 []


Underfull \hbox (badness 10000) in paragraph at lines 649--657

 []

[16]
Overfull \hbox (34.02902pt too wide) in paragraph at lines 660--663
| $[]$[] 
 []


Underfull \hbox (badness 10000) in paragraph at lines 660--663

 []


Overfull \hbox (28.33856pt too wide) in paragraph at lines 674--688
| $[]$[] 
 []


Overfull \hbox (28.33856pt too wide) in paragraph at lines 674--688
| $[]$[] 
 []


Overfull \hbox (28.33856pt too wide) in paragraph at lines 674--688
| $[]$[] 
 []


Overfull \hbox (34.02902pt too wide) in paragraph at lines 697--708
| $[]$[] 
 []


Overfull \hbox (34.02902pt too wide) in paragraph at lines 697--708
| $[]$[] 
 []

[17]
Overfull \hbox (59.02905pt too wide) in paragraph at lines 715--721
| $[]$[] 
 []


Overfull \hbox (59.02905pt too wide) in paragraph at lines 722--726
| $[]$[] 
 []


Underfull \hbox (badness 10000) in paragraph at lines 722--726

 []


Overfull \hbox (59.02905pt too wide) in paragraph at lines 738--742
| $[]$[] 
 []


Underfull \hbox (badness 10000) in paragraph at lines 738--742

 []


Overfull \hbox (59.02905pt too wide) in paragraph at lines 753--758
| $[]$[] 
 []


Underfull \hbox (badness 10000) in paragraph at lines 753--758

 []


Overfull \hbox (34.02902pt too wide) in paragraph at lines 767--772
| $[]$[] 
 []

[18]
Overfull \hbox (34.02902pt too wide) in paragraph at lines 773--778
| $[]$[] 
 []


Overfull \hbox (33.88841pt too wide) in paragraph at lines 773--778
\OT1/cmr/m/n/10 Al-ter-na-tively, the vec-tor field ge-om-e-try can be given wi
th both \OT1/cmtt/m/n/10 '-template-dimension'
 []


Underfull \hbox (badness 10000) in paragraph at lines 802--803
[]\OT1/cmtt/m/n/10 % blockmatching -flo $\OML/cmm/m/it/10 I[]$ \OT1/cmtt/m/n/10
 -ref $\OML/cmm/m/it/10 I[]$ \OT1/cmtt/m/n/10 -init-trsf $\OML/cmm/m/it/10 T[]$
 \OT1/cmtt/m/n/10 -res $\OML/cmm/m/it/10 I[]$ \OT1/cmtt/m/n/10 -res-trsf
 []


Overfull \hbox (34.02902pt too wide) in paragraph at lines 791--804
| $[]$[] 
 []


Overfull \hbox (34.02902pt too wide) in paragraph at lines 791--804
| $[]$[] 
 []


Overfull \hbox (34.02902pt too wide) in paragraph at lines 791--804
| $[]$[] 
 []


Underfull \hbox (badness 10000) in paragraph at lines 791--804

 []


Overfull \hbox (34.02902pt too wide) in paragraph at lines 805--809
| $[]$[] 
 []


Underfull \hbox (badness 10000) in paragraph at lines 805--809

 []

[19]
Overfull \hbox (15.7777pt too wide) in paragraph at lines 814--815
[]\OT1/cmr/m/n/10 Transformation es-ti-ma-tion op-tions are the same than the o
nes of \OT1/cmtt/m/n/10 blockmatching
 []

[20]) (./inc-user-apis.tex [21]
Chapter 2.
<figures/api-blockmatching.png, id=94, 722.7pt x 412.54124pt>
File: figures/api-blockmatching.png Graphic file (type png)

<use figures/api-blockmatching.png>
Package pdftex.def Info: figures/api-blockmatching.png used on input line 20.
(pdftex.def)             Requested size: 276.00105pt x 157.54787pt.
) [22

] [23 <./figures/api-blockmatching.png>] [24

] (./inc-use-examples.tex
Chapter 3.

Underfull \hbox (badness 10000) in paragraph at lines 12--15
\OT1/cmtt/m/n/10 % createGrid -dim 100 100 grid.mha -spacing 10 10 copy -norma
 []


Overfull \hbox (28.33856pt too wide) in paragraph at lines 10--16
| $[]$[] 
 []


Underfull \hbox (badness 10000) in paragraph at lines 10--16

 []


<use-examples/pointmatching/figures/pairings.png, id=107, 282.05376pt x 282.053
76pt>
File: use-examples/pointmatching/figures/pairings.png Graphic file (type png)
 <use use-examples/pointmatching/figures/pairings.png>
Package pdftex.def Info: use-examples/pointmatching/figures/pairings.png used o
n input line 20.
(pdftex.def)             Requested size: 99.58464pt x 99.58534pt.

<use-examples/pointmatching/mosaic-10-10-05.png, id=108, 100.375pt x 100.375pt>
File: use-examples/pointmatching/mosaic-10-10-05.png Graphic file (type png)
<use use-examples/pointmatching/mosaic-10-10-05.png>
Package pdftex.def Info: use-examples/pointmatching/mosaic-10-10-05.png used on
 input line 21.
(pdftex.def)             Requested size: 99.58464pt x 99.59209pt.

Underfull \hbox (badness 10000) in paragraph at lines 31--34
[]\OT1/cmtt/m/n/10 -vector-propagation-distance $\OML/cmm/m/it/10 d[]$ \OT1/cmt
t/m/n/10 -vector-fading-distance $\OML/cmm/m/it/10 d[]$ \OT1/cmtt/m/n/10 -fluid
-sigma
 []


Overfull \hbox (28.33856pt too wide) in paragraph at lines 29--36
| $[]$[] 
 []

[25

 <./use-examples/pointmatching/figures/pairings.png> <./use-examples/pointmatch
ing/mosaic-10-10-05.png>]
Underfull \hbox (badness 10000) in paragraph at lines 39--45
[]\OT1/cmtt/m/n/10 % pointmatching -flo floating.pts -ref reference.pts -trsf-t
ype
 []


Underfull \hbox (badness 10000) in paragraph at lines 39--45
\OT1/cmtt/m/n/10 vectorfield -template mosaic.mha -vector-propagation-distance 
$\OML/cmm/m/it/10 d[]$
 []


Overfull \hbox (28.33856pt too wide) in paragraph at lines 37--47
| $[]$[] 
 []


Underfull \hbox (badness 10000) in paragraph at lines 49--50
[]\OT1/cmtt/m/n/10 % applyTrsf mosaic.mha mosaic-result.mha -trsf vectorfield.t
rsf
 []


Overfull \hbox (28.33856pt too wide) in paragraph at lines 48--51
| $[]$[] 
 []


Underfull \hbox (badness 10000) in paragraph at lines 48--51

 []


<use-examples/pointmatching/mosaic-10-00-00.png, id=113, 100.375pt x 100.375pt>
File: use-examples/pointmatching/mosaic-10-00-00.png Graphic file (type png)
<use use-examples/pointmatching/mosaic-10-00-00.png>
Package pdftex.def Info: use-examples/pointmatching/mosaic-10-00-00.png used on
 input line 55.
(pdftex.def)             Requested size: 99.58464pt x 99.59209pt.

<use-examples/pointmatching/mosaic-00-10-00.png, id=114, 100.375pt x 100.375pt>
File: use-examples/pointmatching/mosaic-00-10-00.png Graphic file (type png)
<use use-examples/pointmatching/mosaic-00-10-00.png>
Package pdftex.def Info: use-examples/pointmatching/mosaic-00-10-00.png used on
 input line 56.
(pdftex.def)             Requested size: 99.58464pt x 99.59209pt.

<use-examples/pointmatching/mosaic-00-00-05.png, id=115, 100.375pt x 100.375pt>
File: use-examples/pointmatching/mosaic-00-00-05.png Graphic file (type png)
<use use-examples/pointmatching/mosaic-00-00-05.png>
Package pdftex.def Info: use-examples/pointmatching/mosaic-00-00-05.png used on
 input line 57.
(pdftex.def)             Requested size: 99.58464pt x 99.59209pt.

<use-examples/pointmatching/mosaic-10-10-00.png, id=116, 100.375pt x 100.375pt>
File: use-examples/pointmatching/mosaic-10-10-00.png Graphic file (type png)
<use use-examples/pointmatching/mosaic-10-10-00.png>
Package pdftex.def Info: use-examples/pointmatching/mosaic-10-10-00.png used on
 input line 71.
(pdftex.def)             Requested size: 99.58464pt x 99.59209pt.

<use-examples/pointmatching/mosaic-10-00-05.png, id=117, 100.375pt x 100.375pt>
File: use-examples/pointmatching/mosaic-10-00-05.png Graphic file (type png)
<use use-examples/pointmatching/mosaic-10-00-05.png>
Package pdftex.def Info: use-examples/pointmatching/mosaic-10-00-05.png used on
 input line 72.
(pdftex.def)             Requested size: 99.58464pt x 99.59209pt.

<use-examples/pointmatching/mosaic-00-10-05.png, id=118, 100.375pt x 100.375pt>
File: use-examples/pointmatching/mosaic-00-10-05.png Graphic file (type png)
<use use-examples/pointmatching/mosaic-00-10-05.png>
Package pdftex.def Info: use-examples/pointmatching/mosaic-00-10-05.png used on
 input line 73.
(pdftex.def)             Requested size: 99.58464pt x 99.59209pt.
 [26 <./use-examples/pointmatching/mosaic-10-00-00.png> <./use-examples/pointma
tching/mosaic-00-10-00.png> <./use-examples/pointmatching/mosaic-00-00-05.png> 
<./use-examples/pointmatching/mosaic-10-10-00.png> <./use-examples/pointmatchin
g/mosaic-10-00-05.png> <./use-examples/pointmatching/mosaic-00-10-05.png>]) [27
] [28

]
(./inc-method-notes.tex
Chapter 4.
<figures/fig-frame.png, id=128, 465.74pt x 305.14pt>
File: figures/fig-frame.png Graphic file (type png)

<use figures/fig-frame.png>
Package pdftex.def Info: figures/fig-frame.png used on input line 22.
(pdftex.def)             Requested size: 217.14249pt x 142.26378pt.
 [29

 <./figures/fig-frame.png>] [30]
Chapter 5.
[31

] [32] [33] [34]
Overfull \hbox (26.07796pt too wide) in alignment at lines 403--437
 [][][] []
 []


Overfull \hbox (23.77615pt too wide) in alignment at lines 458--472
 [][][] []
 []

[35]
Overfull \hbox (9.74214pt too wide) in paragraph at lines 495--498
[]\OT1/cmr/m/n/10 When $\OT1/cmr/bx/sc/10 T[]$ \OT1/cmr/m/n/10 is a pure trans-
la-tion $\OT1/cmr/bx/sc/10 t[]$\OT1/cmr/m/n/10 , mean-ing that $\OML/cmm/m/it/1
0 M[] \OT1/cmr/m/n/10 = []\OML/cmm/m/it/10 M[] \OT1/cmr/m/n/10 +
 []

[36]
Overfull \hbox (14.16862pt too wide) in alignment at lines 690--718
 [][][] []
 []

[37] [38] [39] [40] [41]
Chapter 6.
[42

] [43] <figures/fig-invert-trsf.png, id=179, 374.39874pt x 368.37625pt>
File: figures/fig-invert-trsf.png Graphic file (type png)

<use figures/fig-invert-trsf.png>
Package pdftex.def Info: figures/fig-invert-trsf.png used on input line 1281.
(pdftex.def)             Requested size: 144.5867pt x 142.26378pt.
 [44]
Overfull \hbox (1.09843pt too wide) in paragraph at lines 1305--1306
[]\OT1/cmr/m/n/10 The trans-for-ma-tion $\OML/cmm/m/it/10 T[]$ \OT1/cmr/m/n/10 
is then rep-re-sented by the vec-tor field $[]$. 
 []

) [45 <./figures/fig-invert-trsf.png>] (./doc-blockmatching.aux)

LaTeX Font Warning: Some font shapes were not available, defaults substituted.

 ) 
Here is how much of TeX's memory you used:
 1981 strings out of 493089
 29243 string characters out of 6134842
 87909 words of memory out of 5000000
 5416 multiletter control sequences out of 15000+600000
 16054 words of font info for 62 fonts, out of 8000000 for 9000
 1141 hyphenation exceptions out of 8191
 37i,16n,26p,945b,339s stack positions out of 5000i,500n,10000p,200000b,80000s
</usr/local/texlive/2015/texmf-dist/fonts/type1/public/amsfonts/cm/cmbx10.pfb
></usr/local/texlive/2015/texmf-dist/fonts/type1/public/amsfonts/cm/cmbx12.pfb>
</usr/local/texlive/2015/texmf-dist/fonts/type1/public/amsfonts/cm/cmex10.pfb><
/usr/local/texlive/2015/texmf-dist/fonts/type1/public/amsfonts/cm/cmmi10.pfb></
usr/local/texlive/2015/texmf-dist/fonts/type1/public/amsfonts/cm/cmmi5.pfb></us
r/local/texlive/2015/texmf-dist/fonts/type1/public/amsfonts/cm/cmmi6.pfb></usr/
local/texlive/2015/texmf-dist/fonts/type1/public/amsfonts/cm/cmmi7.pfb></usr/lo
cal/texlive/2015/texmf-dist/fonts/type1/public/amsfonts/cm/cmmi8.pfb></usr/loca
l/texlive/2015/texmf-dist/fonts/type1/public/amsfonts/cm/cmr10.pfb></usr/local/
texlive/2015/texmf-dist/fonts/type1/public/amsfonts/cm/cmr12.pfb></usr/local/te
xlive/2015/texmf-dist/fonts/type1/public/amsfonts/cm/cmr17.pfb></usr/local/texl
ive/2015/texmf-dist/fonts/type1/public/amsfonts/cm/cmr5.pfb></usr/local/texlive
/2015/texmf-dist/fonts/type1/public/amsfonts/cm/cmr6.pfb></usr/local/texlive/20
15/texmf-dist/fonts/type1/public/amsfonts/cm/cmr7.pfb></usr/local/texlive/2015/
texmf-dist/fonts/type1/public/amsfonts/cm/cmr8.pfb></usr/local/texlive/2015/tex
mf-dist/fonts/type1/public/amsfonts/cm/cmsy10.pfb></usr/local/texlive/2015/texm
f-dist/fonts/type1/public/amsfonts/cm/cmsy5.pfb></usr/local/texlive/2015/texmf-
dist/fonts/type1/public/amsfonts/cm/cmsy7.pfb></usr/local/texlive/2015/texmf-di
st/fonts/type1/public/amsfonts/cm/cmti10.pfb></usr/local/texlive/2015/texmf-dis
t/fonts/type1/public/amsfonts/cm/cmtt10.pfb></usr/local/texlive/2015/texmf-dist
/fonts/type1/public/amsfonts/cm/cmtt12.pfb></usr/local/texlive/2015/texmf-dist/
fonts/type1/public/amsfonts/symbols/msbm10.pfb></usr/local/texlive/2015/texmf-d
ist/fonts/type1/public/amsfonts/symbols/msbm7.pfb>
Output written on doc-blockmatching.pdf (46 pages, 418765 bytes).
PDF statistics:
 262 PDF objects out of 1000 (max. 8388607)
 174 compressed objects within 2 object streams
 0 named destinations out of 1000 (max. 500000)
 56 words of extra memory for PDF output out of 10000 (max. 10000000)

